<?xml version="1.0" encoding="UTF-8"?>
<!-- Generated by org.testng.reporters.JUnitReportReporter -->
<testsuite hostname="DaWei" failures="0" tests="2" name="hust.cs.javacourse.search.parse.TermTupleScannerTest" time="0.001" errors="0" timestamp="23 4æœˆ 2021 11:45:04 GMT" skipped="0">
  <testcase classname="hust.cs.javacourse.search.parse.TermTupleScannerTest" name="testNext" time="0.000"/>
  <testcase classname="hust.cs.javacourse.search.parse.TermTupleScannerTest" name="testNext" time="0.001"/>
</testsuite> <!-- hust.cs.javacourse.search.parse.TermTupleScannerTest -->
