<?xml version="1.0" encoding="UTF-8"?>
<!-- Generated by org.testng.reporters.JUnitReportReporter -->
<testsuite hostname="DaWei" failures="0" tests="1" name="hust.cs.javacourse.search.index.IndexBuilderTest" time="0.000" errors="0" timestamp="23 4æœˆ 2021 11:45:04 GMT" skipped="0">
  <testcase classname="hust.cs.javacourse.search.index.IndexBuilderTest" name="testBuildIndex" time="0.000"/>
</testsuite> <!-- hust.cs.javacourse.search.index.IndexBuilderTest -->
